
> proyecto-vanguardia@0.0.0 start
> ng serve --host 127.0.0.1 --port 4200

[33m>[39m Building...
[32m√[39m Building...
[35mBrowser bundles[39m     
[1mInitial chunk files[22m [2m | [22m[1mNames[22m           [2m | [22m [1mRaw size[22m
[32mmain.js[39m             [2m | [22m[2mmain[22m            [2m | [22m[36m348.39 kB[39m[2m | [22m
[32mchunk-GHX4N262.js[39m   [2m | [22m[2m-[22m               [2m | [22m  [36m6.46 kB[39m[2m | [22m
[32mchunk-653SOEEV.js[39m   [2m | [22m[2m-[22m               [2m | [22m  [36m1.51 kB[39m[2m | [22m
[32mstyles.css[39m          [2m | [22m[2mstyles[22m          [2m | [22m[36m200 bytes[39m[2m | [22m

[1m [22m                   [2m | [22m[1mInitial total[22m   [2m | [22m[1m356.57 kB[22m

[1mLazy chunk files[22m    [2m | [22m[1mNames[22m           [2m | [22m [1mRaw size[22m
[32mchunk-VMT2OQGL.js[39m   [2m | [22m[2msubject-content[22m [2m | [22m[36m112.53 kB[39m[2m | [22m
[32mchunk-QTNRGTPY.js[39m   [2m | [22m[2mexams[22m           [2m | [22m [36m76.76 kB[39m[2m | [22m
[32mchunk-DFBTNG3V.js[39m   [2m | [22m[2mgenerate[22m        [2m | [22m [36m40.74 kB[39m[2m | [22m
[32mchunk-XJDYZWPC.js[39m   [2m | [22m[2mstudy-guides[22m    [2m | [22m [36m31.83 kB[39m[2m | [22m
[32mchunk-KFMTPLPE.js[39m   [2m | [22m[2mprofile[22m         [2m | [22m [36m29.18 kB[39m[2m | [22m
[32mchunk-3ERTY6XL.js[39m   [2m | [22m[2m-[22m               [2m | [22m  [36m7.22 kB[39m[2m | [22m
[32mchunk-3LI6GR4V.js[39m   [2m | [22m[2m-[22m               [2m | [22m  [36m4.61 kB[39m[2m | [22m
[32mchunk-V6OGFSDB.js[39m   [2m | [22m[2m-[22m               [2m | [22m  [36m4.04 kB[39m[2m | [22m


[35mServer bundles[39m      
[1mInitial chunk files[22m [2m | [22m[1mNames[22m           [2m | [22m [1mRaw size[22m
[32mmain.server.mjs[39m     [2m | [22m[2mmain.server[22m     [2m | [22m[36m349.75 kB[39m[2m | [22m
[32mchunk-ZY5M6EWH.mjs[39m  [2m | [22m[2m-[22m               [2m | [22m  [36m6.49 kB[39m[2m | [22m
[32mserver.mjs[39m          [2m | [22m[2mserver[22m          [2m | [22m  [36m1.81 kB[39m[2m | [22m
[32mchunk-S5NAN44N.mjs[39m  [2m | [22m[2m-[22m               [2m | [22m  [36m1.55 kB[39m[2m | [22m
[32mpolyfills.server.mjs[39m[2m | [22m[2mpolyfills.server[22m[2m | [22m[36m243 bytes[39m[2m | [22m

[1mLazy chunk files[22m    [2m | [22m[1mNames[22m           [2m | [22m [1mRaw size[22m
[32mchunk-2YOYV576.mjs[39m  [2m | [22m[2msubject-content[22m [2m | [22m[36m112.57 kB[39m[2m | [22m
[32mchunk-RRTKRQJV.mjs[39m  [2m | [22m[2mexams[22m           [2m | [22m [36m76.80 kB[39m[2m | [22m
[32mchunk-6Y4TCEVL.mjs[39m  [2m | [22m[2mgenerate[22m        [2m | [22m [36m40.78 kB[39m[2m | [22m
[32mchunk-OMIL6UGK.mjs[39m  [2m | [22m[2mstudy-guides[22m    [2m | [22m [36m31.86 kB[39m[2m | [22m
[32mchunk-4RG457TN.mjs[39m  [2m | [22m[2mprofile[22m         [2m | [22m [36m29.22 kB[39m[2m | [22m
[32mchunk-MVTCWVLI.mjs[39m  [2m | [22m[2m-[22m               [2m | [22m  [36m7.25 kB[39m[2m | [22m
[32mchunk-FWGQ34FN.mjs[39m  [2m | [22m[2m-[22m               [2m | [22m  [36m4.65 kB[39m[2m | [22m
[32mchunk-5J6QYL3S.mjs[39m  [2m | [22m[2m-[22m               [2m | [22m  [36m4.07 kB[39m[2m | [22m

Application bundle generation complete. [2.813 seconds] - 2026-03-05T02:59:23.820Z

Watch mode enabled. Watching for file changes...
NOTE: Raw file sizes do not reflect development server per-request transformations.
  [32m➜[39m  [1mLocal[22m:   [36mhttp://127.0.0.1:[1m4200[22m/[39m
[2m[32m  ➜[39m[22m[2m  press [22m[1mh + enter[22m[2m to show help[22m
[33m>[39m Changes detected. Rebuilding...
[32m√[39m Changes detected. Rebuilding...
[35mBrowser bundles[39m    
[1mInitial chunk files[22m[2m | [22m[1mNames[22m          [2m | [22m [1mRaw size[22m
[32mmain.js[39m            [2m | [22m[2mmain[22m           [2m | [22m[36m348.39 kB[39m[2m | [22m
[32mchunk-HYFZOOSH.js[39m  [2m | [22m[2m-[22m              [2m | [22m  [36m6.75 kB[39m[2m | [22m

[1mLazy chunk files[22m   [2m | [22m[1mNames[22m          [2m | [22m [1mRaw size[22m
[32mchunk-OYV7FV2Z.js[39m  [2m | [22m[2msubject-content[22m[2m | [22m[36m112.53 kB[39m[2m | [22m


[35mServer bundles[39m     
[1mInitial chunk files[22m[2m | [22m[1mNames[22m          [2m | [22m [1mRaw size[22m
[32mmain.server.mjs[39m    [2m | [22m[2mmain.server[22m    [2m | [22m[36m349.75 kB[39m[2m | [22m
[32mchunk-7254VTJL.mjs[39m [2m | [22m[2m-[22m              [2m | [22m  [36m6.78 kB[39m[2m | [22m

[1mLazy chunk files[22m   [2m | [22m[1mNames[22m          [2m | [22m [1mRaw size[22m
[32mchunk-FAZ6GEYO.mjs[39m [2m | [22m[2msubject-content[22m[2m | [22m[36m112.57 kB[39m[2m | [22m

Application bundle generation complete. [1.162 seconds] - 2026-03-05T03:02:19.950Z

Page reload sent to client(s).
[33m>[39m Changes detected. Rebuilding...
[32m√[39m Changes detected. Rebuilding...
[35mBrowser bundles[39m    
[1mInitial chunk files[22m[2m | [22m[1mNames[22m      [2m | [22m [1mRaw size[22m
[32mmain.js[39m            [2m | [22m[2mmain[22m       [2m | [22m[36m348.77 kB[39m[2m | [22m


[35mServer bundles[39m     
[1mInitial chunk files[22m[2m | [22m[1mNames[22m      [2m | [22m [1mRaw size[22m
[32mmain.server.mjs[39m    [2m | [22m[2mmain.server[22m[2m | [22m[36m350.12 kB[39m[2m | [22m

Application bundle generation complete. [0.361 seconds] - 2026-03-05T03:02:25.901Z

Page reload sent to client(s).
[33m>[39m Changes detected. Rebuilding...
[32m√[39m Changes detected. Rebuilding...
[35mBrowser bundles[39m    
[1mInitial chunk files[22m[2m | [22m[1mNames[22m      [2m | [22m [1mRaw size[22m
[32mmain.js[39m            [2m | [22m[2mmain[22m       [2m | [22m[36m349.75 kB[39m[2m | [22m


[35mServer bundles[39m     
[1mInitial chunk files[22m[2m | [22m[1mNames[22m      [2m | [22m [1mRaw size[22m
[32mmain.server.mjs[39m    [2m | [22m[2mmain.server[22m[2m | [22m[36m351.11 kB[39m[2m | [22m

Application bundle generation complete. [0.281 seconds] - 2026-03-05T03:02:35.807Z

Component update sent to client(s).
[33m>[39m Changes detected. Rebuilding...
[32m√[39m Changes detected. Rebuilding...
[35mBrowser bundles[39m    
[1mInitial chunk files[22m[2m | [22m[1mNames[22m          [2m | [22m [1mRaw size[22m
[32mmain.js[39m            [2m | [22m[2mmain[22m           [2m | [22m[36m349.75 kB[39m[2m | [22m
[32mchunk-IX63UH4F.js[39m  [2m | [22m[2m-[22m              [2m | [22m  [36m7.19 kB[39m[2m | [22m

[1mLazy chunk files[22m   [2m | [22m[1mNames[22m          [2m | [22m [1mRaw size[22m
[32mchunk-QKAGZCN3.js[39m  [2m | [22m[2msubject-content[22m[2m | [22m[36m112.53 kB[39m[2m | [22m


[35mServer bundles[39m     
[1mInitial chunk files[22m[2m | [22m[1mNames[22m          [2m | [22m [1mRaw size[22m
[32mmain.server.mjs[39m    [2m | [22m[2mmain.server[22m    [2m | [22m[36m351.11 kB[39m[2m | [22m
[32mchunk-UC2ATUIK.mjs[39m [2m | [22m[2m-[22m              [2m | [22m  [36m7.23 kB[39m[2m | [22m

[1mLazy chunk files[22m   [2m | [22m[1mNames[22m          [2m | [22m [1mRaw size[22m
[32mchunk-VMD7EUMA.mjs[39m [2m | [22m[2msubject-content[22m[2m | [22m[36m112.57 kB[39m[2m | [22m

Application bundle generation complete. [0.447 seconds] - 2026-03-05T03:22:17.484Z

Page reload sent to client(s).
[33m>[39m Changes detected. Rebuilding...
[32m√[39m Changes detected. Rebuilding...
[35mBrowser bundles[39m    
[1mInitial chunk files[22m[2m | [22m[1mNames[22m      [2m | [22m [1mRaw size[22m
[32mmain.js[39m            [2m | [22m[2mmain[22m       [2m | [22m[36m349.85 kB[39m[2m | [22m


[35mServer bundles[39m     
[1mInitial chunk files[22m[2m | [22m[1mNames[22m      [2m | [22m [1mRaw size[22m
[32mmain.server.mjs[39m    [2m | [22m[2mmain.server[22m[2m | [22m[36m351.20 kB[39m[2m | [22m

Application bundle generation complete. [0.483 seconds] - 2026-03-05T03:22:22.557Z

Page reload sent to client(s).
[33m>[39m Changes detected. Rebuilding...
[32m√[39m Changes detected. Rebuilding...
[35mBrowser bundles[39m    
[1mInitial chunk files[22m[2m | [22m[1mNames[22m          [2m | [22m [1mRaw size[22m
[32mmain.js[39m            [2m | [22m[2mmain[22m           [2m | [22m[36m349.85 kB[39m[2m | [22m

[1mLazy chunk files[22m   [2m | [22m[1mNames[22m          [2m | [22m [1mRaw size[22m
[32mchunk-EBC3KC2H.js[39m  [2m | [22m[2msubject-content[22m[2m | [22m[36m112.60 kB[39m[2m | [22m


[35mServer bundles[39m     
[1mInitial chunk files[22m[2m | [22m[1mNames[22m          [2m | [22m [1mRaw size[22m
[32mmain.server.mjs[39m    [2m | [22m[2mmain.server[22m    [2m | [22m[36m351.20 kB[39m[2m | [22m

[1mLazy chunk files[22m   [2m | [22m[1mNames[22m          [2m | [22m [1mRaw size[22m
[32mchunk-GRCJKXQK.mjs[39m [2m | [22m[2msubject-content[22m[2m | [22m[36m112.64 kB[39m[2m | [22m

Application bundle generation complete. [0.727 seconds] - 2026-03-05T03:22:26.453Z

Page reload sent to client(s).
[33m>[39m Changes detected. Rebuilding...
[32m√[39m Changes detected. Rebuilding...
[35mBrowser bundles[39m    
[1mInitial chunk files[22m[2m | [22m[1mNames[22m      [2m | [22m [1mRaw size[22m
[32mmain.js[39m            [2m | [22m[2mmain[22m       [2m | [22m[36m350.42 kB[39m[2m | [22m


[35mServer bundles[39m     
[1mInitial chunk files[22m[2m | [22m[1mNames[22m      [2m | [22m [1mRaw size[22m
[32mmain.server.mjs[39m    [2m | [22m[2mmain.server[22m[2m | [22m[36m351.77 kB[39m[2m | [22m

Application bundle generation complete. [0.510 seconds] - 2026-03-05T03:22:33.990Z

Page reload sent to client(s).
